<?xml version="1.0" encoding="UTF-8"?>
<testng-results skipped="0" failed="0" ignored="0" total="1" passed="1">
  <reporter-output>
  </reporter-output>
  <suite name="Default suite" duration-ms="11924" started-at="2020-08-24T11:39:43Z" finished-at="2020-08-24T11:39:55Z">
    <groups>
      <group name="cucumber">
        <method signature="TestRunner.feature(cucumber.api.testng.CucumberFeatureWrapper)[pri:0, instance:MyRunner.TestRunner@4b44655e]" name="feature" class="MyRunner.TestRunner"/>
      </group> <!-- cucumber -->
    </groups>
    <test name="Default test" duration-ms="11924" started-at="2020-08-24T11:39:43Z" finished-at="2020-08-24T11:39:55Z">
      <class name="MyRunner.TestRunner">
        <test-method status="PASS" signature="setUpClass()[pri:0, instance:MyRunner.TestRunner@4b44655e]" name="setUpClass" is-config="true" duration-ms="355" started-at="2020-08-24T11:39:43Z" finished-at="2020-08-24T11:39:43Z">
          <reporter-output>
          </reporter-output>
        </test-method> <!-- setUpClass -->
        <test-method status="PASS" signature="feature(cucumber.api.testng.CucumberFeatureWrapper)[pri:0, instance:MyRunner.TestRunner@4b44655e]" name="feature" duration-ms="11401" started-at="2020-08-24T11:39:43Z" description="Runs Cucumber Feature" data-provider="features" finished-at="2020-08-24T11:39:55Z">
          <params>
            <param index="0">
              <value>
                <![CDATA[Free CRM Login Feature]]>
              </value>
            </param>
          </params>
          <reporter-output>
          </reporter-output>
        </test-method> <!-- feature -->
        <test-method status="PASS" signature="tearDownClass()[pri:0, instance:MyRunner.TestRunner@4b44655e]" name="tearDownClass" is-config="true" duration-ms="31" started-at="2020-08-24T11:39:55Z" finished-at="2020-08-24T11:39:55Z">
          <reporter-output>
          </reporter-output>
        </test-method> <!-- tearDownClass -->
      </class> <!-- MyRunner.TestRunner -->
    </test> <!-- Default test -->
  </suite> <!-- Default suite -->
</testng-results>
